{"level":"INFO","time":"2025-02-10T22:49:31.267+0500","caller":"ass3 part2/main.go:41","msg":"Сервер запущен: http://localhost:8081/index"}
{"level":"INFO","time":"2025-02-10T22:49:41.709+0500","caller":"ass3 part2/main.go:51","msg":"Получен сигнал завершения, остановка сервера..."}
{"level":"ERROR","time":"2025-02-10T22:49:41.710+0500","caller":"ass3 part2/main.go:43","msg":"Ошибка запуска сервера:","error":"http: Server closed"}
{"level":"INFO","time":"2025-02-10T22:49:41.710+0500","caller":"ass3 part2/main.go:59","msg":"Сервер успешно остановлен."}
{"level":"INFO","time":"2025-02-10T23:43:50.369+0500","caller":"ass3 part2/main.go:41","msg":"Сервер запущен: http://localhost:8081/index"}
{"level":"INFO","time":"2025-02-10T23:51:28.619+0500","caller":"ass3 part2/main.go:51","msg":"Получен сигнал завершения, остановка сервера..."}
{"level":"ERROR","time":"2025-02-10T23:51:28.623+0500","caller":"ass3 part2/main.go:43","msg":"Ошибка запуска сервера:","error":"http: Server closed"}
{"level":"INFO","time":"2025-02-10T23:51:28.624+0500","caller":"ass3 part2/main.go:59","msg":"Сервер успешно остановлен."}
{"level":"INFO","time":"2025-02-10T23:51:36.159+0500","caller":"ass3 part2/main.go:41","msg":"Сервер запущен: http://localhost:8081/index"}
{"level":"INFO","time":"2025-02-10T23:55:56.168+0500","caller":"ass3 part2/main.go:51","msg":"Получен сигнал завершения, остановка сервера..."}
{"level":"ERROR","time":"2025-02-10T23:55:56.173+0500","caller":"ass3 part2/main.go:43","msg":"Ошибка запуска сервера:","error":"http: Server closed"}
{"level":"INFO","time":"2025-02-10T23:55:56.174+0500","caller":"ass3 part2/main.go:59","msg":"Сервер успешно остановлен."}
{"level":"INFO","time":"2025-02-11T00:07:00.172+0500","caller":"ass3 part2/main.go:41","msg":"Сервер запущен: http://localhost:8081/index"}
{"level":"INFO","time":"2025-02-11T00:13:28.015+0500","caller":"ass3 part2/main.go:51","msg":"Получен сигнал завершения, остановка сервера..."}
{"level":"ERROR","time":"2025-02-11T00:13:28.021+0500","caller":"ass3 part2/main.go:43","msg":"Ошибка запуска сервера:","error":"http: Server closed"}
{"level":"INFO","time":"2025-02-11T00:13:28.021+0500","caller":"ass3 part2/main.go:59","msg":"Сервер успешно остановлен."}
{"level":"INFO","time":"2025-02-11T00:13:35.819+0500","caller":"ass3 part2/main.go:41","msg":"Сервер запущен: http://localhost:8081/index"}
{"level":"INFO","time":"2025-02-11T00:17:57.790+0500","caller":"ass3 part2/main.go:51","msg":"Получен сигнал завершения, остановка сервера..."}
{"level":"ERROR","time":"2025-02-11T00:17:57.812+0500","caller":"ass3 part2/main.go:43","msg":"Ошибка запуска сервера:","error":"http: Server closed"}
{"level":"INFO","time":"2025-02-11T00:17:57.816+0500","caller":"ass3 part2/main.go:59","msg":"Сервер успешно остановлен."}
{"level":"INFO","time":"2025-02-11T00:22:54.618+0500","caller":"ass3 part2/main.go:41","msg":"Сервер запущен: http://localhost:8081/index"}
{"level":"INFO","time":"2025-02-11T00:25:53.764+0500","caller":"ass3 part2/main.go:51","msg":"Получен сигнал завершения, остановка сервера..."}
{"level":"ERROR","time":"2025-02-11T00:25:53.785+0500","caller":"ass3 part2/main.go:43","msg":"Ошибка запуска сервера:","error":"http: Server closed"}
{"level":"INFO","time":"2025-02-11T00:25:53.787+0500","caller":"ass3 part2/main.go:59","msg":"Сервер успешно остановлен."}
{"level":"INFO","time":"2025-02-11T00:27:32.818+0500","caller":"ass3 part2/main.go:41","msg":"Сервер запущен: http://localhost:8081/index"}
{"level":"INFO","time":"2025-02-11T13:17:22.765+0500","caller":"ass3 part2/main.go:41","msg":"Сервер запущен: http://localhost:8081/index"}
{"level":"INFO","time":"2025-02-11T22:59:26.995+0500","caller":"ass3 part2/main.go:41","msg":"Сервер запущен: http://localhost:8081/index"}
{"level":"ERROR","time":"2025-02-11T23:00:29.478+0500","caller":"controllers/subscripsion.go:83","msg":"Failed to delete subscription","error":"WHERE conditions required"}
{"level":"ERROR","time":"2025-02-11T23:04:50.725+0500","caller":"controllers/subscripsion.go:83","msg":"Failed to delete subscription","error":"WHERE conditions required"}
{"level":"ERROR","time":"2025-02-11T23:04:58.729+0500","caller":"controllers/subscripsion.go:83","msg":"Failed to delete subscription","error":"WHERE conditions required"}
{"level":"INFO","time":"2025-02-11T23:08:13.389+0500","caller":"ass3 part2/main.go:51","msg":"Получен сигнал завершения, остановка сервера..."}
{"level":"ERROR","time":"2025-02-11T23:08:13.390+0500","caller":"ass3 part2/main.go:43","msg":"Ошибка запуска сервера:","error":"http: Server closed"}
{"level":"INFO","time":"2025-02-11T23:08:13.391+0500","caller":"ass3 part2/main.go:59","msg":"Сервер успешно остановлен."}
{"level":"INFO","time":"2025-02-11T23:08:19.805+0500","caller":"ass3 part2/main.go:41","msg":"Сервер запущен: http://localhost:8081/index"}
{"level":"ERROR","time":"2025-02-11T23:08:36.670+0500","caller":"controllers/subscripsion.go:86","msg":"Invalid subscription ID","error":"strconv.Atoi: parsing \"\": invalid syntax"}
{"level":"INFO","time":"2025-02-11T23:17:28.193+0500","caller":"ass3 part2/main.go:51","msg":"Получен сигнал завершения, остановка сервера..."}
{"level":"ERROR","time":"2025-02-11T23:17:28.261+0500","caller":"ass3 part2/main.go:43","msg":"Ошибка запуска сервера:","error":"http: Server closed"}
{"level":"INFO","time":"2025-02-11T23:17:28.262+0500","caller":"ass3 part2/main.go:59","msg":"Сервер успешно остановлен."}
{"level":"INFO","time":"2025-02-11T23:19:17.943+0500","caller":"ass3 part2/main.go:41","msg":"Сервер запущен: http://localhost:8081/index"}
{"level":"INFO","time":"2025-02-11T23:30:44.821+0500","caller":"ass3 part2/main.go:41","msg":"Сервер запущен: http://localhost:8081/index"}
{"level":"INFO","time":"2025-02-11T23:31:33.438+0500","caller":"ass3 part2/main.go:51","msg":"Получен сигнал завершения, остановка сервера..."}
{"level":"ERROR","time":"2025-02-11T23:31:33.438+0500","caller":"ass3 part2/main.go:43","msg":"Ошибка запуска сервера:","error":"http: Server closed"}
{"level":"INFO","time":"2025-02-11T23:31:33.439+0500","caller":"ass3 part2/main.go:59","msg":"Сервер успешно остановлен."}
